0 info it worked if it ends with ok
1 verbose cli [ 'C:\\Program Files\\nodejs\\node.exe',
1 verbose cli   'C:\\Program Files\\nodejs\\node_modules\\npm\\bin\\npm-cli.js',
1 verbose cli   'run',
1 verbose cli   'tsc' ]
2 info using npm@3.8.9
3 info using node@v6.2.0
4 verbose run-script [ 'pretsc', 'tsc', 'posttsc' ]
5 info lifecycle angular2-quickstart@1.0.0~pretsc: angular2-quickstart@1.0.0
6 silly lifecycle angular2-quickstart@1.0.0~pretsc: no script for pretsc, continuing
7 info lifecycle angular2-quickstart@1.0.0~tsc: angular2-quickstart@1.0.0
8 verbose lifecycle angular2-quickstart@1.0.0~tsc: unsafe-perm in lifecycle true
9 verbose lifecycle angular2-quickstart@1.0.0~tsc: PATH: C:\Program Files\nodejs\node_modules\npm\bin\node-gyp-bin;C:\angular-2\angular2-tour-of-heroes\node_modules\.bin;C:\Program Files\nodejs;C:\ProgramData\Oracle\Java\javapath;C:\WINDOWS\system32;C:\WINDOWS;C:\WINDOWS\System32\Wbem;C:\WINDOWS\System32\WindowsPowerShell\v1.0\;C:\Program Files\TortoiseSVN\bin;C:\Arquivos de Programas\Java\jdk1.8.0_45\bin;C:\Program Files (x86)\Skype\Phone\;C:\Program Files\nodejs\;C:\Program Files\OpenVPN\bin;C:\Program Files\Git\cmd;C:\Users\MarcosIanes\AppData\Roaming\npm
10 verbose lifecycle angular2-quickstart@1.0.0~tsc: CWD: C:\angular-2\angular2-tour-of-heroes
11 silly lifecycle angular2-quickstart@1.0.0~tsc: Args: [ '/d /s /c', 'tsc' ]
12 silly lifecycle angular2-quickstart@1.0.0~tsc: Returned: code: 2  signal: null
13 info lifecycle angular2-quickstart@1.0.0~tsc: Failed to exec tsc script
14 verbose stack Error: angular2-quickstart@1.0.0 tsc: `tsc`
14 verbose stack Exit status 2
14 verbose stack     at EventEmitter.<anonymous> (C:\Program Files\nodejs\node_modules\npm\lib\utils\lifecycle.js:245:16)
14 verbose stack     at emitTwo (events.js:106:13)
14 verbose stack     at EventEmitter.emit (events.js:191:7)
14 verbose stack     at ChildProcess.<anonymous> (C:\Program Files\nodejs\node_modules\npm\lib\utils\spawn.js:24:14)
14 verbose stack     at emitTwo (events.js:106:13)
14 verbose stack     at ChildProcess.emit (events.js:191:7)
14 verbose stack     at maybeClose (internal/child_process.js:850:16)
14 verbose stack     at Process.ChildProcess._handle.onexit (internal/child_process.js:215:5)
15 verbose pkgid angular2-quickstart@1.0.0
16 verbose cwd C:\angular-2\angular2-tour-of-heroes\app
17 error Windows_NT 10.0.10586
18 error argv "C:\\Program Files\\nodejs\\node.exe" "C:\\Program Files\\nodejs\\node_modules\\npm\\bin\\npm-cli.js" "run" "tsc"
19 error node v6.2.0
20 error npm  v3.8.9
21 error code ELIFECYCLE
22 error angular2-quickstart@1.0.0 tsc: `tsc`
22 error Exit status 2
23 error Failed at the angular2-quickstart@1.0.0 tsc script 'tsc'.
23 error Make sure you have the latest version of node.js and npm installed.
23 error If you do, this is most likely a problem with the angular2-quickstart package,
23 error not with npm itself.
23 error Tell the author that this fails on your system:
23 error     tsc
23 error You can get information on how to open an issue for this project with:
23 error     npm bugs angular2-quickstart
23 error Or if that isn't available, you can get their info via:
23 error     npm owner ls angular2-quickstart
23 error There is likely additional logging output above.
24 verbose exit [ 1, true ]
